[18:44:48] [main/INFO]: Setting user: ForgeDevName
[18:44:49] [Client thread/INFO]: LWJGL Version: 2.9.1
[18:44:55] [Client thread/INFO]: Reloading ResourceManager: Default, FMLFileResourcePack:Forge Mod Loader, FMLFileResourcePack:Minecraft Forge, FMLFileResourcePack:sfdmod, FMLFileResourcePack:Universal Electricity
[18:44:57] [Sound Library Loader/INFO]: Sound engine started
[18:44:58] [Client thread/INFO]: Created: 512x256 textures/blocks-atlas
[18:44:58] [Client thread/INFO]: Created: 256x256 textures/items-atlas
[18:44:58] [Client thread/INFO]: Reloading ResourceManager: Default, FMLFileResourcePack:Forge Mod Loader, FMLFileResourcePack:Minecraft Forge, FMLFileResourcePack:sfdmod, FMLFileResourcePack:Universal Electricity
[18:44:58] [Client thread/INFO]: Created: 256x256 textures/items-atlas
[18:44:59] [Client thread/INFO]: Created: 512x256 textures/blocks-atlas
[18:45:00] [Sound Library Loader/INFO]: Sound engine started
[18:45:02] [Server thread/INFO]: Starting integrated minecraft server version 1.7.10
[18:45:02] [Server thread/INFO]: Generating keypair
[18:45:03] [Server thread/INFO]: Preparing start region for level 0
[18:45:04] [Server thread/INFO]: Preparing spawn area: 86%
[18:45:04] [Server thread/INFO]: ForgeDevName[local:E:e33100f1] logged in with entity id 27 at (-223.89180710056112, 73.52936759557846, -641.0809657711641)
[18:45:04] [Server thread/INFO]: ForgeDevName joined the game
[18:45:41] [Server thread/INFO]: Saving and pausing game...
[18:45:41] [Server thread/INFO]: Saving chunks for level 'New World'/Overworld
[18:45:41] [Server thread/INFO]: Saving chunks for level 'New World'/Nether
[18:45:41] [Server thread/INFO]: Saving chunks for level 'New World'/The End
[18:45:42] [Server thread/INFO]: Stopping server
[18:45:42] [Server thread/INFO]: Saving players
[18:45:42] [Server thread/INFO]: Saving worlds
[18:45:42] [Server thread/INFO]: Saving chunks for level 'New World'/Overworld
[18:45:42] [Server thread/INFO]: Saving chunks for level 'New World'/Nether
[18:45:42] [Server thread/INFO]: Saving chunks for level 'New World'/The End
[18:45:43] [Client thread/INFO]: Stopping!
